[2017-10-21 23:00:18,302] DEBUG preRegister called. Server=com.sun.jmx.mbeanserver.JmxMBeanServer@66d3c617, name=log4j:logger=kafka.controller (kafka.controller)
[2017-10-21 23:00:43,401] INFO [Controller 0]: Controller starting up (kafka.controller.KafkaController)
[2017-10-21 23:00:43,448] INFO [Controller 0]: Broker 0 starting become controller state transition (kafka.controller.KafkaController)
[2017-10-21 23:00:43,468] INFO [Controller 0]: Controller 0 incremented epoch to 1 (kafka.controller.KafkaController)
[2017-10-21 23:00:43,474] DEBUG [Controller 0]: Registering IsrChangeNotificationListener (kafka.controller.KafkaController)
[2017-10-21 23:00:43,512] INFO [Controller 0]: Partitions undergoing preferred replica election:  (kafka.controller.KafkaController)
[2017-10-21 23:00:43,512] INFO [Controller 0]: Partitions that completed preferred replica election:  (kafka.controller.KafkaController)
[2017-10-21 23:00:43,513] INFO [Controller 0]: Resuming preferred replica election for partitions:  (kafka.controller.KafkaController)
[2017-10-21 23:00:43,524] INFO [Controller 0]: Partitions being reassigned: Map() (kafka.controller.KafkaController)
[2017-10-21 23:00:43,524] INFO [Controller 0]: Partitions already reassigned: Set() (kafka.controller.KafkaController)
[2017-10-21 23:00:43,525] INFO [Controller 0]: Resuming reassignment of partitions: Map() (kafka.controller.KafkaController)
[2017-10-21 23:00:43,541] INFO [Controller 0]: List of topics to be deleted:  (kafka.controller.KafkaController)
[2017-10-21 23:00:43,542] INFO [Controller 0]: List of topics ineligible for deletion:  (kafka.controller.KafkaController)
[2017-10-21 23:00:43,547] INFO [Controller 0]: Currently active brokers in the cluster: Set() (kafka.controller.KafkaController)
[2017-10-21 23:00:43,547] INFO [Controller 0]: Currently shutting brokers in the cluster: Set() (kafka.controller.KafkaController)
[2017-10-21 23:00:43,548] INFO [Controller 0]: Current list of topics in the cluster: Set() (kafka.controller.KafkaController)
[2017-10-21 23:00:43,621] INFO [Replica state machine on controller 0]: Started replica state machine with initial state -> Map() (kafka.controller.ReplicaStateMachine)
[2017-10-21 23:00:43,631] INFO [Partition state machine on Controller 0]: Started partition state machine with initial state -> Map() (kafka.controller.PartitionStateMachine)
[2017-10-21 23:00:43,635] INFO [Controller 0]: Broker 0 is ready to serve as the new controller with epoch 1 (kafka.controller.KafkaController)
[2017-10-21 23:00:43,636] INFO [Controller 0]: Starting preferred replica leader election for partitions  (kafka.controller.KafkaController)
[2017-10-21 23:00:43,637] INFO [Partition state machine on Controller 0]: Invoking state change to OnlinePartition for partitions  (kafka.controller.PartitionStateMachine)
[2017-10-21 23:00:43,663] INFO [Controller 0]: starting the partition rebalance scheduler (kafka.controller.KafkaController)
[2017-10-21 23:00:43,664] INFO [Controller 0]: Controller startup complete (kafka.controller.KafkaController)
[2017-10-21 23:00:43,926] INFO [BrokerChangeListener on Controller 0]: Broker change listener fired for path /brokers/ids with children 0 (kafka.controller.ReplicaStateMachine$BrokerChangeListener)
[2017-10-21 23:00:44,017] INFO [BrokerChangeListener on Controller 0]: Newly added brokers: 0, deleted brokers: , all live brokers: 0 (kafka.controller.ReplicaStateMachine$BrokerChangeListener)
[2017-10-21 23:00:44,017] DEBUG [Channel manager on controller 0]: Controller 0 trying to connect to broker 0 (kafka.controller.ControllerChannelManager)
[2017-10-21 23:00:44,096] INFO [Controller 0]: New broker startup callback for 0 (kafka.controller.KafkaController)
[2017-10-21 23:00:44,104] INFO [Controller-0-to-broker-0-send-thread], Starting  (kafka.controller.RequestSendThread)
[2017-10-21 23:00:44,117] INFO [Controller-0-to-broker-0-send-thread], Controller 0 connected to sol:9092 (id: 0 rack: null) for sending state change requests (kafka.controller.RequestSendThread)
[2017-10-21 23:00:48,666] TRACE [Controller 0]: checking need to trigger partition rebalance (kafka.controller.KafkaController)
[2017-10-21 23:00:48,678] DEBUG [Controller 0]: preferred replicas by broker Map() (kafka.controller.KafkaController)
[2017-10-21 23:05:48,665] TRACE [Controller 0]: checking need to trigger partition rebalance (kafka.controller.KafkaController)
[2017-10-21 23:05:48,666] DEBUG [Controller 0]: preferred replicas by broker Map() (kafka.controller.KafkaController)
[2017-10-21 23:10:40,408] DEBUG [TopicChangeListener on Controller 0]: Topic change listener fired for path /brokers/topics with children command-from-cloud,command-to-cloud (kafka.controller.PartitionStateMachine$TopicChangeListener)
[2017-10-21 23:10:40,422] INFO [TopicChangeListener on Controller 0]: New topics: [Set(command-from-cloud, command-to-cloud)], deleted topics: [Set()], new partition replica assignment [Map([command-to-cloud,1] -> List(0), [command-from-cloud,0] -> List(0), [command-to-cloud,0] -> List(0), [command-from-cloud,1] -> List(0))] (kafka.controller.PartitionStateMachine$TopicChangeListener)
[2017-10-21 23:10:40,425] INFO [Controller 0]: New topic creation callback for [command-to-cloud,1],[command-from-cloud,0],[command-to-cloud,0],[command-from-cloud,1] (kafka.controller.KafkaController)
[2017-10-21 23:10:40,428] INFO [Controller 0]: New partition creation callback for [command-to-cloud,1],[command-from-cloud,0],[command-to-cloud,0],[command-from-cloud,1] (kafka.controller.KafkaController)
[2017-10-21 23:10:40,429] INFO [Partition state machine on Controller 0]: Invoking state change to NewPartition for partitions [command-to-cloud,1],[command-from-cloud,0],[command-to-cloud,0],[command-from-cloud,1] (kafka.controller.PartitionStateMachine)
[2017-10-21 23:10:40,433] INFO [Replica state machine on controller 0]: Invoking state change to NewReplica for replicas [Topic=command-to-cloud,Partition=1,Replica=0],[Topic=command-from-cloud,Partition=0,Replica=0],[Topic=command-to-cloud,Partition=0,Replica=0],[Topic=command-from-cloud,Partition=1,Replica=0] (kafka.controller.ReplicaStateMachine)
[2017-10-21 23:10:40,441] INFO [Partition state machine on Controller 0]: Invoking state change to OnlinePartition for partitions [command-to-cloud,1],[command-from-cloud,0],[command-to-cloud,0],[command-from-cloud,1] (kafka.controller.PartitionStateMachine)
[2017-10-21 23:10:40,442] DEBUG [Partition state machine on Controller 0]: Live assigned replicas for partition [command-to-cloud,1] are: [List(0)] (kafka.controller.PartitionStateMachine)
[2017-10-21 23:10:40,444] DEBUG [Partition state machine on Controller 0]: Initializing leader and isr for partition [command-to-cloud,1] to (Leader:0,ISR:0,LeaderEpoch:0,ControllerEpoch:1) (kafka.controller.PartitionStateMachine)
[2017-10-21 23:10:40,457] DEBUG [Partition state machine on Controller 0]: Live assigned replicas for partition [command-from-cloud,0] are: [List(0)] (kafka.controller.PartitionStateMachine)
[2017-10-21 23:10:40,457] DEBUG [Partition state machine on Controller 0]: Initializing leader and isr for partition [command-from-cloud,0] to (Leader:0,ISR:0,LeaderEpoch:0,ControllerEpoch:1) (kafka.controller.PartitionStateMachine)
[2017-10-21 23:10:40,463] DEBUG [Partition state machine on Controller 0]: Live assigned replicas for partition [command-to-cloud,0] are: [List(0)] (kafka.controller.PartitionStateMachine)
[2017-10-21 23:10:40,464] DEBUG [Partition state machine on Controller 0]: Initializing leader and isr for partition [command-to-cloud,0] to (Leader:0,ISR:0,LeaderEpoch:0,ControllerEpoch:1) (kafka.controller.PartitionStateMachine)
[2017-10-21 23:10:40,469] DEBUG [Partition state machine on Controller 0]: Live assigned replicas for partition [command-from-cloud,1] are: [List(0)] (kafka.controller.PartitionStateMachine)
[2017-10-21 23:10:40,469] DEBUG [Partition state machine on Controller 0]: Initializing leader and isr for partition [command-from-cloud,1] to (Leader:0,ISR:0,LeaderEpoch:0,ControllerEpoch:1) (kafka.controller.PartitionStateMachine)
[2017-10-21 23:10:40,484] INFO [Replica state machine on controller 0]: Invoking state change to OnlineReplica for replicas [Topic=command-to-cloud,Partition=1,Replica=0],[Topic=command-from-cloud,Partition=0,Replica=0],[Topic=command-to-cloud,Partition=0,Replica=0],[Topic=command-from-cloud,Partition=1,Replica=0] (kafka.controller.ReplicaStateMachine)
[2017-10-21 23:10:48,664] TRACE [Controller 0]: checking need to trigger partition rebalance (kafka.controller.KafkaController)
[2017-10-21 23:10:48,667] DEBUG [Controller 0]: preferred replicas by broker Map(0 -> Map([command-to-cloud,1] -> List(0), [command-from-cloud,0] -> List(0), [command-to-cloud,0] -> List(0), [command-from-cloud,1] -> List(0))) (kafka.controller.KafkaController)
[2017-10-21 23:10:48,678] DEBUG [Controller 0]: topics not in preferred replica Map() (kafka.controller.KafkaController)
[2017-10-21 23:10:48,696] TRACE [Controller 0]: leader imbalance ratio for broker 0 is 0.000000 (kafka.controller.KafkaController)
