Java HotSpot(TM) 64-Bit Server VM (25.144-b01) for linux-amd64 JRE (1.8.0_144-b01), built on Jul 21 2017 21:57:33 by "java_re" with gcc 4.3.0 20080428 (Red Hat 4.3.0-8)
Memory: 4k page, physical 4044220k(111860k free), swap 10482684k(10351016k free)
CommandLine flags: -XX:+DisableExplicitGC -XX:InitialHeapSize=1073741824 -XX:InitiatingHeapOccupancyPercent=35 -XX:+ManagementServer -XX:MaxGCPauseMillis=20 -XX:MaxHeapSize=1073741824 -XX:+PrintGC -XX:+PrintGCDateStamps -XX:+PrintGCDetails -XX:+PrintGCTimeStamps -XX:+UseCompressedClassPointers -XX:+UseCompressedOops -XX:+UseG1GC 
2017-10-21T23:00:42.998+0900: 1.247: [GC pause (G1 Evacuation Pause) (young), 0.0376249 secs]
   [Parallel Time: 32.0 ms, GC Workers: 2]
      [GC Worker Start (ms): Min: 1247.5, Avg: 1247.6, Max: 1247.7, Diff: 0.2]
      [Ext Root Scanning (ms): Min: 9.7, Avg: 11.4, Max: 13.1, Diff: 3.3, Sum: 22.8]
      [Update RS (ms): Min: 0.0, Avg: 0.0, Max: 0.0, Diff: 0.0, Sum: 0.0]
         [Processed Buffers: Min: 0, Avg: 0.0, Max: 0, Diff: 0, Sum: 0]
      [Scan RS (ms): Min: 0.0, Avg: 0.0, Max: 0.0, Diff: 0.0, Sum: 0.0]
      [Code Root Scanning (ms): Min: 0.4, Avg: 6.3, Max: 12.3, Diff: 11.9, Sum: 12.6]
      [Object Copy (ms): Min: 4.5, Avg: 11.5, Max: 18.4, Diff: 13.9, Sum: 23.0]
      [Termination (ms): Min: 0.0, Avg: 2.6, Max: 5.2, Diff: 5.2, Sum: 5.2]
         [Termination Attempts: Min: 1, Avg: 1.0, Max: 1, Diff: 0, Sum: 2]
      [GC Worker Other (ms): Min: 0.0, Avg: 0.0, Max: 0.0, Diff: 0.0, Sum: 0.0]
      [GC Worker Total (ms): Min: 31.8, Avg: 31.8, Max: 31.9, Diff: 0.1, Sum: 63.7]
      [GC Worker End (ms): Min: 1279.4, Avg: 1279.5, Max: 1279.5, Diff: 0.0]
   [Code Root Fixup: 0.2 ms]
   [Code Root Purge: 0.0 ms]
   [Clear CT: 0.0 ms]
   [Other: 5.4 ms]
      [Choose CSet: 0.0 ms]
      [Ref Proc: 5.0 ms]
      [Ref Enq: 0.0 ms]
      [Redirty Cards: 0.0 ms]
      [Humongous Register: 0.1 ms]
      [Humongous Reclaim: 0.0 ms]
      [Free CSet: 0.1 ms]
   [Eden: 51.0M(51.0M)->0.0B(44.0M) Survivors: 0.0B->7168.0K Heap: 51.0M(1024.0M)->8767.5K(1024.0M)]
 [Times: user=0.01 sys=0.01, real=0.03 secs] 
2017-10-21T23:00:43.556+0900: 1.805: [GC pause (Metadata GC Threshold) (young) (initial-mark), 0.0169255 secs]
   [Parallel Time: 14.2 ms, GC Workers: 2]
      [GC Worker Start (ms): Min: 1805.0, Avg: 1808.4, Max: 1811.9, Diff: 6.9]
      [Ext Root Scanning (ms): Min: 0.6, Avg: 5.0, Max: 9.4, Diff: 8.8, Sum: 9.9]
      [Update RS (ms): Min: 0.0, Avg: 0.3, Max: 0.6, Diff: 0.6, Sum: 0.6]
         [Processed Buffers: Min: 0, Avg: 1.0, Max: 2, Diff: 2, Sum: 2]
      [Scan RS (ms): Min: 0.0, Avg: 0.0, Max: 0.0, Diff: 0.0, Sum: 0.0]
      [Code Root Scanning (ms): Min: 0.0, Avg: 1.0, Max: 2.0, Diff: 2.0, Sum: 2.0]
      [Object Copy (ms): Min: 4.0, Avg: 4.4, Max: 4.8, Diff: 0.8, Sum: 8.8]
      [Termination (ms): Min: 0.0, Avg: 0.0, Max: 0.0, Diff: 0.0, Sum: 0.0]
         [Termination Attempts: Min: 1, Avg: 1.0, Max: 1, Diff: 0, Sum: 2]
      [GC Worker Other (ms): Min: 0.0, Avg: 0.0, Max: 0.0, Diff: 0.0, Sum: 0.0]
      [GC Worker Total (ms): Min: 7.2, Avg: 10.7, Max: 14.2, Diff: 6.9, Sum: 21.4]
      [GC Worker End (ms): Min: 1819.1, Avg: 1819.1, Max: 1819.1, Diff: 0.0]
   [Code Root Fixup: 0.2 ms]
   [Code Root Purge: 0.0 ms]
   [Clear CT: 0.6 ms]
   [Other: 1.9 ms]
      [Choose CSet: 0.0 ms]
      [Ref Proc: 1.3 ms]
      [Ref Enq: 0.0 ms]
      [Redirty Cards: 0.1 ms]
      [Humongous Register: 0.0 ms]
      [Humongous Reclaim: 0.0 ms]
      [Free CSet: 0.1 ms]
   [Eden: 18.0M(44.0M)->0.0B(44.0M) Survivors: 7168.0K->7168.0K Heap: 154.1M(1024.0M)->137.4M(1024.0M)]
 [Times: user=0.02 sys=0.00, real=0.02 secs] 
2017-10-21T23:00:43.573+0900: 1.822: [GC concurrent-root-region-scan-start]
2017-10-21T23:00:43.588+0900: 1.837: [GC concurrent-root-region-scan-end, 0.0153400 secs]
2017-10-21T23:00:43.588+0900: 1.837: [GC concurrent-mark-start]
2017-10-21T23:00:43.589+0900: 1.838: [GC concurrent-mark-end, 0.0004012 secs]
2017-10-21T23:00:43.591+0900: 1.840: [GC remark 2017-10-21T23:00:43.591+0900: 1.840: [Finalize Marking, 0.0001431 secs] 2017-10-21T23:00:43.591+0900: 1.840: [GC ref-proc, 0.0017330 secs] 2017-10-21T23:00:43.593+0900: 1.842: [Unloading, 0.0046755 secs], 0.0078640 secs]
 [Times: user=0.01 sys=0.00, real=0.01 secs] 
2017-10-21T23:00:43.602+0900: 1.851: [GC cleanup 138M->137M(1024M), 0.0011139 secs]
 [Times: user=0.00 sys=0.00, real=0.00 secs] 
2017-10-21T23:00:43.603+0900: 1.853: [GC concurrent-cleanup-start]
2017-10-21T23:00:43.603+0900: 1.853: [GC concurrent-cleanup-end, 0.0000077 secs]
2017-10-21T23:10:40.553+0900: 598.802: [GC pause (G1 Evacuation Pause) (young), 0.0095766 secs]
   [Parallel Time: 7.7 ms, GC Workers: 2]
      [GC Worker Start (ms): Min: 598802.1, Avg: 598802.7, Max: 598803.2, Diff: 1.1]
      [Ext Root Scanning (ms): Min: 0.7, Avg: 1.2, Max: 1.7, Diff: 0.9, Sum: 2.4]
      [Update RS (ms): Min: 0.0, Avg: 0.0, Max: 0.0, Diff: 0.0, Sum: 0.1]
         [Processed Buffers: Min: 1, Avg: 1.0, Max: 1, Diff: 0, Sum: 2]
      [Scan RS (ms): Min: 0.0, Avg: 0.0, Max: 0.0, Diff: 0.0, Sum: 0.0]
      [Code Root Scanning (ms): Min: 0.2, Avg: 0.6, Max: 1.0, Diff: 0.8, Sum: 1.2]
      [Object Copy (ms): Min: 4.6, Avg: 5.2, Max: 5.8, Diff: 1.2, Sum: 10.3]
      [Termination (ms): Min: 0.0, Avg: 0.1, Max: 0.3, Diff: 0.3, Sum: 0.3]
         [Termination Attempts: Min: 1, Avg: 1.0, Max: 1, Diff: 0, Sum: 2]
      [GC Worker Other (ms): Min: 0.0, Avg: 0.0, Max: 0.0, Diff: 0.0, Sum: 0.0]
      [GC Worker Total (ms): Min: 6.7, Avg: 7.2, Max: 7.7, Diff: 1.1, Sum: 14.4]
      [GC Worker End (ms): Min: 598809.8, Avg: 598809.9, Max: 598809.9, Diff: 0.0]
   [Code Root Fixup: 0.4 ms]
   [Code Root Purge: 0.0 ms]
   [Clear CT: 0.1 ms]
   [Other: 1.4 ms]
      [Choose CSet: 0.0 ms]
      [Ref Proc: 0.9 ms]
      [Ref Enq: 0.0 ms]
      [Redirty Cards: 0.1 ms]
      [Humongous Register: 0.0 ms]
      [Humongous Reclaim: 0.0 ms]
      [Free CSet: 0.1 ms]
   [Eden: 44.0M(44.0M)->0.0B(45.0M) Survivors: 7168.0K->6144.0K Heap: 180.4M(1024.0M)->139.3M(1024.0M)]
 [Times: user=0.02 sys=0.00, real=0.01 secs] 
2017-10-21T23:38:15.589+0900: 2253.838: [GC pause (G1 Evacuation Pause) (young), 0.0264612 secs]
   [Parallel Time: 16.3 ms, GC Workers: 2]
      [GC Worker Start (ms): Min: 2253838.8, Avg: 2253838.8, Max: 2253838.8, Diff: 0.0]
      [Ext Root Scanning (ms): Min: 1.1, Avg: 1.5, Max: 1.9, Diff: 0.8, Sum: 3.0]
      [Update RS (ms): Min: 0.3, Avg: 0.5, Max: 0.7, Diff: 0.4, Sum: 1.0]
         [Processed Buffers: Min: 9, Avg: 13.0, Max: 17, Diff: 8, Sum: 26]
      [Scan RS (ms): Min: 2.8, Avg: 2.9, Max: 3.1, Diff: 0.3, Sum: 5.9]
      [Code Root Scanning (ms): Min: 0.5, Avg: 0.6, Max: 0.7, Diff: 0.2, Sum: 1.1]
      [Object Copy (ms): Min: 3.2, Avg: 3.3, Max: 3.3, Diff: 0.1, Sum: 6.6]
      [Termination (ms): Min: 0.0, Avg: 0.0, Max: 0.0, Diff: 0.0, Sum: 0.0]
         [Termination Attempts: Min: 1, Avg: 1.0, Max: 1, Diff: 0, Sum: 2]
      [GC Worker Other (ms): Min: 0.0, Avg: 0.0, Max: 0.0, Diff: 0.0, Sum: 0.0]
      [GC Worker Total (ms): Min: 8.8, Avg: 8.8, Max: 8.8, Diff: 0.0, Sum: 17.6]
      [GC Worker End (ms): Min: 2253847.6, Avg: 2253847.6, Max: 2253847.6, Diff: 0.0]
   [Code Root Fixup: 0.3 ms]
   [Code Root Purge: 0.0 ms]
   [Clear CT: 0.2 ms]
   [Other: 9.7 ms]
      [Choose CSet: 0.0 ms]
      [Ref Proc: 9.1 ms]
      [Ref Enq: 0.0 ms]
      [Redirty Cards: 0.0 ms]
      [Humongous Register: 0.1 ms]
      [Humongous Reclaim: 0.0 ms]
      [Free CSet: 0.1 ms]
   [Eden: 45.0M(45.0M)->0.0B(46.0M) Survivors: 6144.0K->5120.0K Heap: 184.3M(1024.0M)->138.3M(1024.0M)]
 [Times: user=0.02 sys=0.00, real=0.02 secs] 
2017-10-22T00:01:20.963+0900: 3639.213: [GC pause (G1 Evacuation Pause) (young), 0.0172988 secs]
   [Parallel Time: 13.6 ms, GC Workers: 2]
      [GC Worker Start (ms): Min: 3639214.3, Avg: 3639214.3, Max: 3639214.3, Diff: 0.0]
      [Ext Root Scanning (ms): Min: 2.2, Avg: 2.3, Max: 2.4, Diff: 0.2, Sum: 4.6]
      [Update RS (ms): Min: 1.1, Avg: 2.5, Max: 4.0, Diff: 2.9, Sum: 5.1]
         [Processed Buffers: Min: 1, Avg: 7.0, Max: 13, Diff: 12, Sum: 14]
      [Scan RS (ms): Min: 0.0, Avg: 0.0, Max: 0.0, Diff: 0.0, Sum: 0.0]
      [Code Root Scanning (ms): Min: 0.0, Avg: 0.9, Max: 1.9, Diff: 1.9, Sum: 1.9]
      [Object Copy (ms): Min: 7.3, Avg: 7.7, Max: 8.0, Diff: 0.7, Sum: 15.3]
      [Termination (ms): Min: 0.0, Avg: 0.0, Max: 0.0, Diff: 0.0, Sum: 0.0]
         [Termination Attempts: Min: 1, Avg: 1.0, Max: 1, Diff: 0, Sum: 2]
      [GC Worker Other (ms): Min: 0.0, Avg: 0.0, Max: 0.0, Diff: 0.0, Sum: 0.0]
      [GC Worker Total (ms): Min: 13.5, Avg: 13.5, Max: 13.5, Diff: 0.0, Sum: 26.9]
      [GC Worker End (ms): Min: 3639227.8, Avg: 3639227.8, Max: 3639227.8, Diff: 0.0]
   [Code Root Fixup: 0.5 ms]
   [Code Root Purge: 0.0 ms]
   [Clear CT: 0.1 ms]
   [Other: 3.0 ms]
      [Choose CSet: 0.0 ms]
      [Ref Proc: 0.9 ms]
      [Ref Enq: 0.0 ms]
      [Redirty Cards: 0.1 ms]
      [Humongous Register: 0.5 ms]
      [Humongous Reclaim: 0.0 ms]
      [Free CSet: 0.1 ms]
   [Eden: 46.0M(46.0M)->0.0B(46.0M) Survivors: 5120.0K->5120.0K Heap: 184.3M(1024.0M)->139.4M(1024.0M)]
 [Times: user=0.02 sys=0.00, real=0.02 secs] 
2017-10-22T00:18:02.282+0900: 4640.531: [GC pause (G1 Evacuation Pause) (young), 0.0130425 secs]
   [Parallel Time: 4.2 ms, GC Workers: 2]
      [GC Worker Start (ms): Min: 4640530.9, Avg: 4640530.9, Max: 4640530.9, Diff: 0.0]
      [Ext Root Scanning (ms): Min: 0.5, Avg: 0.6, Max: 0.7, Diff: 0.2, Sum: 1.1]
      [Update RS (ms): Min: 0.2, Avg: 0.2, Max: 0.3, Diff: 0.1, Sum: 0.5]
         [Processed Buffers: Min: 1, Avg: 15.0, Max: 29, Diff: 28, Sum: 30]
      [Scan RS (ms): Min: 0.1, Avg: 0.2, Max: 0.2, Diff: 0.0, Sum: 0.3]
      [Code Root Scanning (ms): Min: 0.1, Avg: 0.5, Max: 0.9, Diff: 0.8, Sum: 0.9]
      [Object Copy (ms): Min: 2.3, Avg: 2.7, Max: 3.0, Diff: 0.6, Sum: 5.3]
      [Termination (ms): Min: 0.0, Avg: 0.0, Max: 0.0, Diff: 0.0, Sum: 0.0]
         [Termination Attempts: Min: 1, Avg: 1.0, Max: 1, Diff: 0, Sum: 2]
      [GC Worker Other (ms): Min: 0.0, Avg: 0.0, Max: 0.0, Diff: 0.0, Sum: 0.0]
      [GC Worker Total (ms): Min: 4.1, Avg: 4.1, Max: 4.1, Diff: 0.0, Sum: 8.2]
      [GC Worker End (ms): Min: 4640535.0, Avg: 4640535.0, Max: 4640535.0, Diff: 0.0]
   [Code Root Fixup: 0.3 ms]
   [Code Root Purge: 0.0 ms]
   [Clear CT: 2.9 ms]
   [Other: 5.7 ms]
      [Choose CSet: 0.0 ms]
      [Ref Proc: 5.3 ms]
      [Ref Enq: 0.0 ms]
      [Redirty Cards: 0.0 ms]
      [Humongous Register: 0.0 ms]
      [Humongous Reclaim: 0.0 ms]
      [Free CSet: 0.1 ms]
   [Eden: 46.0M(46.0M)->0.0B(47.0M) Survivors: 5120.0K->4096.0K Heap: 185.4M(1024.0M)->138.9M(1024.0M)]
 [Times: user=0.01 sys=0.00, real=0.01 secs] 
2017-10-22T00:28:30.580+0900: 5268.830: [GC pause (G1 Evacuation Pause) (young), 0.0066344 secs]
   [Parallel Time: 5.5 ms, GC Workers: 2]
      [GC Worker Start (ms): Min: 5268829.7, Avg: 5268829.7, Max: 5268829.7, Diff: 0.0]
      [Ext Root Scanning (ms): Min: 0.5, Avg: 0.6, Max: 0.6, Diff: 0.1, Sum: 1.1]
      [Update RS (ms): Min: 0.2, Avg: 0.2, Max: 0.2, Diff: 0.1, Sum: 0.4]
         [Processed Buffers: Min: 1, Avg: 12.0, Max: 23, Diff: 22, Sum: 24]
      [Scan RS (ms): Min: 0.1, Avg: 0.1, Max: 0.1, Diff: 0.0, Sum: 0.2]
      [Code Root Scanning (ms): Min: 0.1, Avg: 0.5, Max: 0.9, Diff: 0.9, Sum: 1.0]
      [Object Copy (ms): Min: 3.5, Avg: 4.0, Max: 4.6, Diff: 1.1, Sum: 8.1]
      [Termination (ms): Min: 0.0, Avg: 0.0, Max: 0.0, Diff: 0.0, Sum: 0.0]
         [Termination Attempts: Min: 1, Avg: 1.0, Max: 1, Diff: 0, Sum: 2]
      [GC Worker Other (ms): Min: 0.0, Avg: 0.0, Max: 0.0, Diff: 0.0, Sum: 0.0]
      [GC Worker Total (ms): Min: 5.4, Avg: 5.4, Max: 5.4, Diff: 0.0, Sum: 10.9]
      [GC Worker End (ms): Min: 5268835.1, Avg: 5268835.1, Max: 5268835.1, Diff: 0.0]
   [Code Root Fixup: 0.3 ms]
   [Code Root Purge: 0.0 ms]
   [Clear CT: 0.1 ms]
   [Other: 0.7 ms]
      [Choose CSet: 0.0 ms]
      [Ref Proc: 0.3 ms]
      [Ref Enq: 0.0 ms]
      [Redirty Cards: 0.2 ms]
      [Humongous Register: 0.0 ms]
      [Humongous Reclaim: 0.0 ms]
      [Free CSet: 0.0 ms]
   [Eden: 47.0M(47.0M)->0.0B(45.0M) Survivors: 4096.0K->6144.0K Heap: 185.9M(1024.0M)->140.9M(1024.0M)]
 [Times: user=0.01 sys=0.00, real=0.01 secs] 
2017-10-22T00:38:46.521+0900: 5884.770: [GC pause (G1 Evacuation Pause) (young), 0.0547798 secs]
   [Parallel Time: 37.4 ms, GC Workers: 2]
      [GC Worker Start (ms): Min: 5884770.3, Avg: 5884770.3, Max: 5884770.4, Diff: 0.1]
      [Ext Root Scanning (ms): Min: 2.0, Avg: 2.3, Max: 2.7, Diff: 0.8, Sum: 4.7]
      [Update RS (ms): Min: 2.7, Avg: 5.8, Max: 8.9, Diff: 6.2, Sum: 11.6]
         [Processed Buffers: Min: 1, Avg: 8.5, Max: 16, Diff: 15, Sum: 17]
      [Scan RS (ms): Min: 0.0, Avg: 0.0, Max: 0.1, Diff: 0.1, Sum: 0.1]
      [Code Root Scanning (ms): Min: 0.0, Avg: 3.0, Max: 5.9, Diff: 5.9, Sum: 5.9]
      [Object Copy (ms): Min: 20.3, Avg: 22.9, Max: 25.4, Diff: 5.1, Sum: 45.7]
      [Termination (ms): Min: 0.0, Avg: 2.9, Max: 5.8, Diff: 5.8, Sum: 5.8]
         [Termination Attempts: Min: 1, Avg: 1.0, Max: 1, Diff: 0, Sum: 2]
      [GC Worker Other (ms): Min: 0.0, Avg: 0.0, Max: 0.0, Diff: 0.0, Sum: 0.0]
      [GC Worker Total (ms): Min: 36.8, Avg: 36.9, Max: 37.0, Diff: 0.2, Sum: 73.8]
      [GC Worker End (ms): Min: 5884807.1, Avg: 5884807.2, Max: 5884807.4, Diff: 0.3]
   [Code Root Fixup: 0.7 ms]
   [Code Root Purge: 0.0 ms]
   [Clear CT: 0.1 ms]
   [Other: 16.6 ms]
      [Choose CSet: 0.0 ms]
      [Ref Proc: 14.1 ms]
      [Ref Enq: 0.0 ms]
      [Redirty Cards: 0.1 ms]
      [Humongous Register: 0.1 ms]
      [Humongous Reclaim: 0.0 ms]
      [Free CSet: 0.8 ms]
   [Eden: 45.0M(45.0M)->0.0B(47.0M) Survivors: 6144.0K->4096.0K Heap: 185.9M(1024.0M)->139.8M(1024.0M)]
 [Times: user=0.06 sys=0.00, real=0.05 secs] 
