[2017-09-26 14:16:18,643] WARN [ReplicaFetcherThread-0-1], Error in fetch kafka.server.ReplicaFetcherThread$FetchRequest@5bdf63cb (kafka.server.ReplicaFetcherThread)
java.io.IOException: Connection to 1 was disconnected before the response was read
	at kafka.utils.NetworkClientBlockingOps$.$anonfun$blockingSendAndReceive$3(NetworkClientBlockingOps.scala:114)
	at kafka.utils.NetworkClientBlockingOps$.$anonfun$blockingSendAndReceive$3$adapted(NetworkClientBlockingOps.scala:112)
	at scala.Option.foreach(Option.scala:257)
	at kafka.utils.NetworkClientBlockingOps$.$anonfun$blockingSendAndReceive$1(NetworkClientBlockingOps.scala:112)
	at kafka.utils.NetworkClientBlockingOps$.recursivePoll$1(NetworkClientBlockingOps.scala:136)
	at kafka.utils.NetworkClientBlockingOps$.pollContinuously$extension(NetworkClientBlockingOps.scala:142)
	at kafka.utils.NetworkClientBlockingOps$.blockingSendAndReceive$extension(NetworkClientBlockingOps.scala:108)
	at kafka.server.ReplicaFetcherThread.sendRequest(ReplicaFetcherThread.scala:249)
	at kafka.server.ReplicaFetcherThread.fetch(ReplicaFetcherThread.scala:234)
	at kafka.server.ReplicaFetcherThread.fetch(ReplicaFetcherThread.scala:42)
	at kafka.server.AbstractFetcherThread.processFetchRequest(AbstractFetcherThread.scala:118)
	at kafka.server.AbstractFetcherThread.doWork(AbstractFetcherThread.scala:103)
	at kafka.utils.ShutdownableThread.run(ShutdownableThread.scala:63)
[2017-09-26 14:16:20,845] INFO Creating /controller (is it secure? false) (kafka.utils.ZKCheckedEphemeral)
[2017-09-26 14:16:20,847] INFO Result of znode creation is: OK (kafka.utils.ZKCheckedEphemeral)
[2017-09-26 14:16:20,847] INFO 0 successfully elected as leader (kafka.server.ZookeeperLeaderElector)
[2017-09-26 14:16:21,536] INFO re-registering broker info in ZK for broker 0 (kafka.server.KafkaHealthcheck$SessionExpireListener)
[2017-09-26 14:16:21,635] INFO Creating /brokers/ids/0 (is it secure? false) (kafka.utils.ZKCheckedEphemeral)
[2017-09-26 14:16:21,637] INFO Result of znode creation is: OK (kafka.utils.ZKCheckedEphemeral)
[2017-09-26 14:16:21,637] INFO Registered broker 0 at path /brokers/ids/0 with addresses: EndPoint(sol,9092,ListenerName(PLAINTEXT),PLAINTEXT) (kafka.utils.ZkUtils)
[2017-09-26 14:16:21,637] INFO done re-registering broker (kafka.server.KafkaHealthcheck$SessionExpireListener)
[2017-09-26 14:16:21,637] INFO Subscribing to /brokers/topics path to watch for new topics (kafka.server.KafkaHealthcheck$SessionExpireListener)
[2017-09-26 14:16:21,639] INFO New leader is 0 (kafka.server.ZookeeperLeaderElector$LeaderChangeListener)
[2017-09-26 14:16:21,964] INFO [ReplicaFetcherManager on broker 0] Removed fetcher for partitions __consumer_offsets-21,__consumer_offsets-27,__consumer_offsets-7,__consumer_offsets-9,__consumer_offsets-25,__consumer_offsets-35,__consumer_offsets-41,__consumer_offsets-33,__consumer_offsets-23,__consumer_offsets-49,cloudagent-cmd-1,__consumer_offsets-47,__consumer_offsets-31,cloud-topic-0,__consumer_offsets-3,__consumer_offsets-37,__consumer_offsets-15,__consumer_offsets-17,__consumer_offsets-19,__consumer_offsets-11,__consumer_offsets-13,__consumer_offsets-43,command-to-cloud-1,to-cloud-0,__consumer_offsets-39,__consumer_offsets-45,__consumer_offsets-1,__consumer_offsets-5,__consumer_offsets-29 (kafka.server.ReplicaFetcherManager)
[2017-09-26 14:16:21,968] INFO [ReplicaFetcherManager on broker 0] Removed fetcher for partitions  (kafka.server.ReplicaFetcherManager)
[2017-09-26 14:16:21,994] INFO [ReplicaFetcherManager on broker 0] Added fetcher for partitions List() (kafka.server.ReplicaFetcherManager)
[2017-09-26 14:24:53,233] INFO [Group Metadata Manager on Broker 0]: Removed 0 expired offsets in 0 milliseconds. (kafka.coordinator.GroupMetadataManager)
[2017-09-26 14:34:34,052] WARN [ReplicaFetcherThread-0-1], Error in fetch kafka.server.ReplicaFetcherThread$FetchRequest@e537d4 (kafka.server.ReplicaFetcherThread)
java.io.IOException: Connection to 1 was disconnected before the response was read
	at kafka.utils.NetworkClientBlockingOps$.$anonfun$blockingSendAndReceive$3(NetworkClientBlockingOps.scala:114)
	at kafka.utils.NetworkClientBlockingOps$.$anonfun$blockingSendAndReceive$3$adapted(NetworkClientBlockingOps.scala:112)
	at scala.Option.foreach(Option.scala:257)
	at kafka.utils.NetworkClientBlockingOps$.$anonfun$blockingSendAndReceive$1(NetworkClientBlockingOps.scala:112)
	at kafka.utils.NetworkClientBlockingOps$.recursivePoll$1(NetworkClientBlockingOps.scala:136)
	at kafka.utils.NetworkClientBlockingOps$.pollContinuously$extension(NetworkClientBlockingOps.scala:142)
	at kafka.utils.NetworkClientBlockingOps$.blockingSendAndReceive$extension(NetworkClientBlockingOps.scala:108)
	at kafka.server.ReplicaFetcherThread.sendRequest(ReplicaFetcherThread.scala:249)
	at kafka.server.ReplicaFetcherThread.fetch(ReplicaFetcherThread.scala:234)
	at kafka.server.ReplicaFetcherThread.fetch(ReplicaFetcherThread.scala:42)
	at kafka.server.AbstractFetcherThread.processFetchRequest(AbstractFetcherThread.scala:118)
	at kafka.server.AbstractFetcherThread.doWork(AbstractFetcherThread.scala:103)
	at kafka.utils.ShutdownableThread.run(ShutdownableThread.scala:63)
[2017-09-26 14:35:38,565] INFO [Group Metadata Manager on Broker 0]: Removed 0 expired offsets in 0 milliseconds. (kafka.coordinator.GroupMetadataManager)
[2017-09-26 14:45:38,565] INFO [Group Metadata Manager on Broker 0]: Removed 0 expired offsets in 0 milliseconds. (kafka.coordinator.GroupMetadataManager)
[2017-09-26 14:55:38,565] INFO [Group Metadata Manager on Broker 0]: Removed 0 expired offsets in 0 milliseconds. (kafka.coordinator.GroupMetadataManager)
