[2017-10-21 23:00:18,296] DEBUG preRegister called. Server=com.sun.jmx.mbeanserver.JmxMBeanServer@66d3c617, name=log4j:logger=state.change.logger (state.change.logger)
[2017-10-21 23:00:44,182] TRACE Controller 0 epoch 1 received response {error_code=0} for a request sent to broker sol:9092 (id: 0 rack: null) (state.change.logger)
[2017-10-21 23:10:40,431] TRACE Controller 0 epoch 1 changed partition [command-to-cloud,1] state from NonExistentPartition to NewPartition with assigned replicas 0 (state.change.logger)
[2017-10-21 23:10:40,432] TRACE Controller 0 epoch 1 changed partition [command-from-cloud,0] state from NonExistentPartition to NewPartition with assigned replicas 0 (state.change.logger)
[2017-10-21 23:10:40,432] TRACE Controller 0 epoch 1 changed partition [command-to-cloud,0] state from NonExistentPartition to NewPartition with assigned replicas 0 (state.change.logger)
[2017-10-21 23:10:40,432] TRACE Controller 0 epoch 1 changed partition [command-from-cloud,1] state from NonExistentPartition to NewPartition with assigned replicas 0 (state.change.logger)
[2017-10-21 23:10:40,439] TRACE Controller 0 epoch 1 changed state of replica 0 for partition [command-to-cloud,1] from NonExistentReplica to NewReplica (state.change.logger)
[2017-10-21 23:10:40,439] TRACE Controller 0 epoch 1 changed state of replica 0 for partition [command-from-cloud,0] from NonExistentReplica to NewReplica (state.change.logger)
[2017-10-21 23:10:40,440] TRACE Controller 0 epoch 1 changed state of replica 0 for partition [command-to-cloud,0] from NonExistentReplica to NewReplica (state.change.logger)
[2017-10-21 23:10:40,440] TRACE Controller 0 epoch 1 changed state of replica 0 for partition [command-from-cloud,1] from NonExistentReplica to NewReplica (state.change.logger)
[2017-10-21 23:10:40,457] TRACE Controller 0 epoch 1 changed partition [command-to-cloud,1] from NewPartition to OnlinePartition with leader 0 (state.change.logger)
[2017-10-21 23:10:40,463] TRACE Controller 0 epoch 1 changed partition [command-from-cloud,0] from NewPartition to OnlinePartition with leader 0 (state.change.logger)
[2017-10-21 23:10:40,467] TRACE Controller 0 epoch 1 changed partition [command-to-cloud,0] from NewPartition to OnlinePartition with leader 0 (state.change.logger)
[2017-10-21 23:10:40,472] TRACE Controller 0 epoch 1 changed partition [command-from-cloud,1] from NewPartition to OnlinePartition with leader 0 (state.change.logger)
[2017-10-21 23:10:40,474] TRACE Controller 0 epoch 1 sending become-leader LeaderAndIsr request (Leader:0,ISR:0,LeaderEpoch:0,ControllerEpoch:1) to broker 0 for partition [command-to-cloud,0] (state.change.logger)
[2017-10-21 23:10:40,474] TRACE Controller 0 epoch 1 sending become-leader LeaderAndIsr request (Leader:0,ISR:0,LeaderEpoch:0,ControllerEpoch:1) to broker 0 for partition [command-from-cloud,0] (state.change.logger)
[2017-10-21 23:10:40,474] TRACE Controller 0 epoch 1 sending become-leader LeaderAndIsr request (Leader:0,ISR:0,LeaderEpoch:0,ControllerEpoch:1) to broker 0 for partition [command-to-cloud,1] (state.change.logger)
[2017-10-21 23:10:40,474] TRACE Controller 0 epoch 1 sending become-leader LeaderAndIsr request (Leader:0,ISR:0,LeaderEpoch:0,ControllerEpoch:1) to broker 0 for partition [command-from-cloud,1] (state.change.logger)
[2017-10-21 23:10:40,478] TRACE Broker 0 received LeaderAndIsr request PartitionState(controllerEpoch=1, leader=0, leaderEpoch=0, isr=[0], zkVersion=0, replicas=[0]) correlation id 1 from controller 0 epoch 1 for partition [command-from-cloud,0] (state.change.logger)
[2017-10-21 23:10:40,478] TRACE Broker 0 received LeaderAndIsr request PartitionState(controllerEpoch=1, leader=0, leaderEpoch=0, isr=[0], zkVersion=0, replicas=[0]) correlation id 1 from controller 0 epoch 1 for partition [command-to-cloud,1] (state.change.logger)
[2017-10-21 23:10:40,478] TRACE Broker 0 received LeaderAndIsr request PartitionState(controllerEpoch=1, leader=0, leaderEpoch=0, isr=[0], zkVersion=0, replicas=[0]) correlation id 1 from controller 0 epoch 1 for partition [command-from-cloud,1] (state.change.logger)
[2017-10-21 23:10:40,478] TRACE Broker 0 received LeaderAndIsr request PartitionState(controllerEpoch=1, leader=0, leaderEpoch=0, isr=[0], zkVersion=0, replicas=[0]) correlation id 1 from controller 0 epoch 1 for partition [command-to-cloud,0] (state.change.logger)
[2017-10-21 23:10:40,480] TRACE Controller 0 epoch 1 sending UpdateMetadata request (Leader:0,ISR:0,LeaderEpoch:0,ControllerEpoch:1) to brokers Set(0) for partition command-to-cloud-0 (state.change.logger)
[2017-10-21 23:10:40,480] TRACE Controller 0 epoch 1 sending UpdateMetadata request (Leader:0,ISR:0,LeaderEpoch:0,ControllerEpoch:1) to brokers Set(0) for partition command-from-cloud-0 (state.change.logger)
[2017-10-21 23:10:40,483] TRACE Controller 0 epoch 1 sending UpdateMetadata request (Leader:0,ISR:0,LeaderEpoch:0,ControllerEpoch:1) to brokers Set(0) for partition command-to-cloud-1 (state.change.logger)
[2017-10-21 23:10:40,483] TRACE Controller 0 epoch 1 sending UpdateMetadata request (Leader:0,ISR:0,LeaderEpoch:0,ControllerEpoch:1) to brokers Set(0) for partition command-from-cloud-1 (state.change.logger)
[2017-10-21 23:10:40,489] TRACE Controller 0 epoch 1 changed state of replica 0 for partition [command-to-cloud,1] from NewReplica to OnlineReplica (state.change.logger)
[2017-10-21 23:10:40,489] TRACE Controller 0 epoch 1 changed state of replica 0 for partition [command-from-cloud,0] from NewReplica to OnlineReplica (state.change.logger)
[2017-10-21 23:10:40,489] TRACE Controller 0 epoch 1 changed state of replica 0 for partition [command-to-cloud,0] from NewReplica to OnlineReplica (state.change.logger)
[2017-10-21 23:10:40,489] TRACE Controller 0 epoch 1 changed state of replica 0 for partition [command-from-cloud,1] from NewReplica to OnlineReplica (state.change.logger)
[2017-10-21 23:10:40,489] TRACE Broker 0 handling LeaderAndIsr request correlationId 1 from controller 0 epoch 1 starting the become-leader transition for partition command-to-cloud-0 (state.change.logger)
[2017-10-21 23:10:40,490] TRACE Broker 0 handling LeaderAndIsr request correlationId 1 from controller 0 epoch 1 starting the become-leader transition for partition command-from-cloud-0 (state.change.logger)
[2017-10-21 23:10:40,490] TRACE Broker 0 handling LeaderAndIsr request correlationId 1 from controller 0 epoch 1 starting the become-leader transition for partition command-to-cloud-1 (state.change.logger)
[2017-10-21 23:10:40,490] TRACE Broker 0 handling LeaderAndIsr request correlationId 1 from controller 0 epoch 1 starting the become-leader transition for partition command-from-cloud-1 (state.change.logger)
[2017-10-21 23:10:40,577] TRACE Broker 0 stopped fetchers as part of become-leader request from controller 0 epoch 1 with correlation id 1 for partition command-to-cloud-1 (state.change.logger)
[2017-10-21 23:10:40,579] TRACE Broker 0 stopped fetchers as part of become-leader request from controller 0 epoch 1 with correlation id 1 for partition command-to-cloud-0 (state.change.logger)
[2017-10-21 23:10:40,579] TRACE Broker 0 stopped fetchers as part of become-leader request from controller 0 epoch 1 with correlation id 1 for partition command-from-cloud-1 (state.change.logger)
[2017-10-21 23:10:40,579] TRACE Broker 0 stopped fetchers as part of become-leader request from controller 0 epoch 1 with correlation id 1 for partition command-from-cloud-0 (state.change.logger)
[2017-10-21 23:10:40,580] TRACE Broker 0 completed LeaderAndIsr request correlationId 1 from controller 0 epoch 1 for the become-leader transition for partition command-to-cloud-0 (state.change.logger)
[2017-10-21 23:10:40,580] TRACE Broker 0 completed LeaderAndIsr request correlationId 1 from controller 0 epoch 1 for the become-leader transition for partition command-from-cloud-0 (state.change.logger)
[2017-10-21 23:10:40,580] TRACE Broker 0 completed LeaderAndIsr request correlationId 1 from controller 0 epoch 1 for the become-leader transition for partition command-to-cloud-1 (state.change.logger)
[2017-10-21 23:10:40,580] TRACE Broker 0 completed LeaderAndIsr request correlationId 1 from controller 0 epoch 1 for the become-leader transition for partition command-from-cloud-1 (state.change.logger)
[2017-10-21 23:10:40,621] TRACE Controller 0 epoch 1 received response {error_code=0,partitions=[{topic=command-to-cloud,partition=0,error_code=0},{topic=command-from-cloud,partition=0,error_code=0},{topic=command-to-cloud,partition=1,error_code=0},{topic=command-from-cloud,partition=1,error_code=0}]} for a request sent to broker sol:9092 (id: 0 rack: null) (state.change.logger)
[2017-10-21 23:10:40,624] TRACE Broker 0 cached leader info (LeaderAndIsrInfo:(Leader:0,ISR:0,LeaderEpoch:0,ControllerEpoch:1),ReplicationFactor:1),AllReplicas:0) for partition command-from-cloud-0 in response to UpdateMetadata request sent by controller 0 epoch 1 with correlation id 2 (state.change.logger)
[2017-10-21 23:10:40,624] TRACE Broker 0 cached leader info (LeaderAndIsrInfo:(Leader:0,ISR:0,LeaderEpoch:0,ControllerEpoch:1),ReplicationFactor:1),AllReplicas:0) for partition command-to-cloud-1 in response to UpdateMetadata request sent by controller 0 epoch 1 with correlation id 2 (state.change.logger)
[2017-10-21 23:10:40,624] TRACE Broker 0 cached leader info (LeaderAndIsrInfo:(Leader:0,ISR:0,LeaderEpoch:0,ControllerEpoch:1),ReplicationFactor:1),AllReplicas:0) for partition command-from-cloud-1 in response to UpdateMetadata request sent by controller 0 epoch 1 with correlation id 2 (state.change.logger)
[2017-10-21 23:10:40,624] TRACE Broker 0 cached leader info (LeaderAndIsrInfo:(Leader:0,ISR:0,LeaderEpoch:0,ControllerEpoch:1),ReplicationFactor:1),AllReplicas:0) for partition command-to-cloud-0 in response to UpdateMetadata request sent by controller 0 epoch 1 with correlation id 2 (state.change.logger)
[2017-10-21 23:10:40,625] TRACE Controller 0 epoch 1 received response {error_code=0} for a request sent to broker sol:9092 (id: 0 rack: null) (state.change.logger)
